c:\users\monster\desktop\vıllega\chap5exp6\debug\vc140.pdb
c:\users\monster\desktop\vıllega\chap5exp6\debug\vc140.ıdb
c:\users\monster\desktop\vıllega\chap5exp6\debug\angel.obj
c:\users\monster\desktop\vıllega\chap5exp6\debug\source.obj
c:\users\monster\documents\vısual studıo 2015\projects\vıllega\chap5exp6\debug\vc140.pdb
c:\users\monster\documents\vısual studıo 2015\projects\vıllega\chap5exp6\debug\vc140.ıdb
c:\users\monster\documents\vısual studıo 2015\projects\vıllega\chap5exp6\debug\angel.obj
c:\users\monster\documents\vısual studıo 2015\projects\vıllega\chap5exp6\debug\source.obj
c:\users\monster\desktop\vıllega\debug\chap5exp6.ılk
c:\users\monster\desktop\vıllega\debug\chap5exp6.exe
c:\users\monster\desktop\vıllega\debug\chap5exp6.pdb
c:\users\monster\documents\vısual studıo 2015\projects\vıllega\debug\chap5exp6.ılk
c:\users\monster\documents\vısual studıo 2015\projects\vıllega\debug\chap5exp6.exe
c:\users\monster\documents\vısual studıo 2015\projects\vıllega\debug\chap5exp6.pdb
c:\users\monster\documents\visual studio 2015\projects\villega\chap5exp6\debug\angel.obj
c:\users\monster\documents\visual studio 2015\projects\villega\chap5exp6\debug\source.obj
c:\users\monster\documents\visual studio 2015\projects\villega\chap5exp6\debug\vc140.idb
c:\users\monster\documents\visual studio 2015\projects\villega\chap5exp6\debug\vc140.pdb
c:\users\monster\documents\visual studio 2015\projects\villega\debug\chap5exp6.pdb
c:\users\monster\documents\visual studio 2015\projects\villega\debug\chap5exp6.exe
c:\users\monster\documents\visual studio 2015\projects\villega\debug\chap5exp6.ilk
c:\users\monster\documents\visual studio 2015\projects\villega\chap5exp6\debug\chap5exp6.tlog\cl.command.1.tlog
c:\users\monster\documents\visual studio 2015\projects\villega\chap5exp6\debug\chap5exp6.tlog\cl.read.1.tlog
c:\users\monster\documents\visual studio 2015\projects\villega\chap5exp6\debug\chap5exp6.tlog\cl.write.1.tlog
c:\users\monster\documents\visual studio 2015\projects\villega\chap5exp6\debug\chap5exp6.tlog\link.command.1.tlog
c:\users\monster\documents\visual studio 2015\projects\villega\chap5exp6\debug\chap5exp6.tlog\link.read.1.tlog
c:\users\monster\documents\visual studio 2015\projects\villega\chap5exp6\debug\chap5exp6.tlog\link.write.1.tlog
